<?xml version="1.0" encoding="UTF-8"?>
<coverage generated="1651999097036" clover="3.2.0">
  <project timestamp="1651999097037" name="All files">
    <metrics statements="55" coveredstatements="55" conditionals="36" coveredconditionals="33" methods="11" coveredmethods="11" elements="102" coveredelements="99" complexity="0" loc="55" ncloc="55" packages="1" files="1" classes="1"/>
    <file name="BST.js" path="/home/danu/Desktop/kb/Code projects/Datastructes&Algorithm/LinkedList/Binary Search Tree/BST.js">
      <metrics statements="55" coveredstatements="55" conditionals="36" coveredconditionals="33" methods="11" coveredmethods="11"/>
      <line num="3" count="10" type="stmt"/>
      <line num="6" count="10" type="stmt"/>
      <line num="7" count="60" type="stmt"/>
      <line num="8" count="60" type="cond" truecount="2" falsecount="0"/>
      <line num="9" count="8" type="stmt"/>
      <line num="10" count="8" type="stmt"/>
      <line num="13" count="52" type="stmt"/>
      <line num="14" count="131" type="cond" truecount="2" falsecount="0"/>
      <line num="15" count="77" type="cond" truecount="2" falsecount="0"/>
      <line num="17" count="22" type="stmt"/>
      <line num="18" count="22" type="stmt"/>
      <line num="20" count="55" type="stmt"/>
      <line num="22" count="54" type="cond" truecount="1" falsecount="1"/>
      <line num="24" count="54" type="cond" truecount="2" falsecount="0"/>
      <line num="25" count="30" type="stmt"/>
      <line num="26" count="30" type="stmt"/>
      <line num="28" count="24" type="stmt"/>
      <line num="32" count="52" type="stmt"/>
      <line num="36" count="2" type="stmt"/>
      <line num="38" count="2" type="stmt"/>
      <line num="39" count="7" type="stmt"/>
      <line num="42" count="2" type="stmt"/>
      <line num="46" count="2" type="stmt"/>
      <line num="48" count="2" type="stmt"/>
      <line num="49" count="3" type="stmt"/>
      <line num="52" count="2" type="stmt"/>
      <line num="55" count="10" type="stmt"/>
      <line num="56" count="5" type="cond" truecount="2" falsecount="0"/>
      <line num="58" count="4" type="stmt"/>
      <line num="59" count="13" type="cond" truecount="2" falsecount="0"/>
      <line num="61" count="11" type="cond" truecount="2" falsecount="0"/>
      <line num="62" count="6" type="cond" truecount="2" falsecount="0"/>
      <line num="63" count="5" type="stmt"/>
      <line num="65" count="5" type="cond" truecount="1" falsecount="1"/>
      <line num="66" count="5" type="cond" truecount="2" falsecount="0"/>
      <line num="68" count="4" type="stmt"/>
      <line num="72" count="4" type="stmt"/>
      <line num="75" count="10" type="stmt"/>
      <line num="76" count="5" type="cond" truecount="2" falsecount="0"/>
      <line num="78" count="4" type="stmt"/>
      <line num="79" count="13" type="cond" truecount="2" falsecount="0"/>
      <line num="81" count="11" type="cond" truecount="2" falsecount="0"/>
      <line num="82" count="6" type="cond" truecount="2" falsecount="0"/>
      <line num="83" count="5" type="stmt"/>
      <line num="85" count="5" type="cond" truecount="1" falsecount="1"/>
      <line num="86" count="5" type="cond" truecount="2" falsecount="0"/>
      <line num="88" count="4" type="stmt"/>
      <line num="92" count="4" type="stmt"/>
      <line num="97" count="1" type="stmt"/>
      <line num="99" count="6" type="stmt"/>
      <line num="101" count="6" type="stmt"/>
      <line num="102" count="54" type="stmt"/>
      <line num="105" count="6" type="stmt"/>
      <line num="110" count="60" type="stmt"/>
      <line num="116" count="1" type="stmt"/>
    </file>
  </project>
</coverage>
