<?xml version="1.0" encoding="UTF-8"?>
<coverage generated="1652386044326" clover="3.2.0">
  <project timestamp="1652386044327" name="All files">
    <metrics statements="70" coveredstatements="64" conditionals="30" coveredconditionals="26" methods="11" coveredmethods="10" elements="111" coveredelements="100" complexity="0" loc="70" ncloc="70" packages="1" files="1" classes="1"/>
    <file name="LinkedList.js" path="/home/danu/Desktop/kb/Code projects/Datastructes&Algorithm/LinkedList/LinkedList/LinkedList.js">
      <metrics statements="70" coveredstatements="64" conditionals="30" coveredconditionals="26" methods="11" coveredmethods="10"/>
      <line num="3" count="18" type="stmt"/>
      <line num="4" count="18" type="stmt"/>
      <line num="7" count="18" type="stmt"/>
      <line num="8" count="57" type="stmt"/>
      <line num="10" count="57" type="stmt"/>
      <line num="11" count="57" type="stmt"/>
      <line num="14" count="18" type="stmt"/>
      <line num="16" count="3" type="cond" truecount="2" falsecount="0"/>
      <line num="18" count="2" type="stmt"/>
      <line num="20" count="2" type="stmt"/>
      <line num="22" count="2" type="cond" truecount="2" falsecount="0"/>
      <line num="23" count="1" type="stmt"/>
      <line num="24" count="1" type="stmt"/>
      <line num="25" count="1" type="stmt"/>
      <line num="28" count="1" type="stmt"/>
      <line num="30" count="1" type="stmt"/>
      <line num="33" count="1" type="stmt"/>
      <line num="34" count="1" type="stmt"/>
      <line num="37" count="18" type="stmt"/>
      <line num="38" count="6" type="cond" truecount="2" falsecount="0"/>
      <line num="39" count="5" type="cond" truecount="4" falsecount="0"/>
      <line num="41" count="3" type="stmt"/>
      <line num="42" count="3" type="stmt"/>
      <line num="43" count="6" type="stmt"/>
      <line num="46" count="3" type="stmt"/>
      <line num="47" count="3" type="stmt"/>
      <line num="49" count="3" type="stmt"/>
      <line num="53" count="18" type="stmt"/>
      <line num="54" count="5" type="stmt"/>
      <line num="57" count="18" type="stmt"/>
      <line num="59" count="9" type="cond" truecount="2" falsecount="0"/>
      <line num="60" count="5" type="cond" truecount="4" falsecount="0"/>
      <line num="62" count="3" type="stmt"/>
      <line num="64" count="6" type="stmt"/>
      <line num="66" count="3" type="stmt"/>
      <line num="69" count="18" type="stmt"/>
      <line num="70" count="5" type="cond" truecount="2" falsecount="0"/>
      <line num="72" count="4" type="cond" truecount="2" falsecount="0"/>
      <line num="73" count="2" type="stmt"/>
      <line num="74" count="2" type="stmt"/>
      <line num="75" count="2" type="stmt"/>
      <line num="76" count="2" type="stmt"/>
      <line num="79" count="2" type="stmt"/>
      <line num="80" count="2" type="stmt"/>
      <line num="81" count="2" type="stmt"/>
      <line num="83" count="2" type="stmt"/>
      <line num="86" count="18" type="stmt"/>
      <line num="87" count="9" type="cond" truecount="2" falsecount="0"/>
      <line num="88" count="7" type="cond" truecount="4" falsecount="0"/>
      <line num="90" count="3" type="stmt"/>
      <line num="91" count="3" type="stmt"/>
      <line num="93" count="3" type="stmt"/>
      <line num="94" count="3" type="stmt"/>
      <line num="95" count="3" type="stmt"/>
      <line num="97" count="3" type="stmt"/>
      <line num="102" count="18" type="stmt"/>
      <line num="103" count="0" type="stmt"/>
      <line num="106" count="0" type="stmt"/>
      <line num="107" count="0" type="cond" truecount="0" falsecount="2"/>
      <line num="109" count="0" type="stmt"/>
      <line num="111" count="0" type="cond" truecount="0" falsecount="2"/>
      <line num="116" count="0" type="stmt"/>
      <line num="123" count="1" type="stmt"/>
      <line num="125" count="14" type="stmt"/>
      <line num="126" count="14" type="stmt"/>
      <line num="127" count="53" type="stmt"/>
      <line num="129" count="14" type="stmt"/>
      <line num="135" count="62" type="stmt"/>
      <line num="136" count="62" type="stmt"/>
      <line num="140" count="1" type="stmt"/>
    </file>
  </project>
</coverage>
