{"/home/danu/Desktop/kb/Code projects/Datastructes&Algorithm/LinkedList/LinkedList/LinkedList.js": {"path":"/home/danu/Desktop/kb/Code projects/Datastructes&Algorithm/LinkedList/LinkedList/LinkedList.js","statementMap":{"0":{"start":{"line":3,"column":9},"end":{"line":3,"column":25}},"1":{"start":{"line":4,"column":9},"end":{"line":4,"column":24}},"2":{"start":{"line":7,"column":20},"end":{"line":12,"column":6}},"3":{"start":{"line":8,"column":28},"end":{"line":8,"column":63}},"4":{"start":{"line":10,"column":12},"end":{"line":10,"column":32}},"5":{"start":{"line":11,"column":12},"end":{"line":11,"column":25}},"6":{"start":{"line":14,"column":20},"end":{"line":35,"column":6}},"7":{"start":{"line":16,"column":8},"end":{"line":16,"column":62}},"8":{"start":{"line":16,"column":31},"end":{"line":16,"column":62}},"9":{"start":{"line":18,"column":24},"end":{"line":18,"column":54}},"10":{"start":{"line":20,"column":26},"end":{"line":20,"column":35}},"11":{"start":{"line":22,"column":8},"end":{"line":26,"column":9}},"12":{"start":{"line":23,"column":12},"end":{"line":23,"column":37}},"13":{"start":{"line":24,"column":12},"end":{"line":24,"column":25}},"14":{"start":{"line":25,"column":12},"end":{"line":25,"column":23}},"15":{"start":{"line":28,"column":9},"end":{"line":31,"column":10}},"16":{"start":{"line":28,"column":21},"end":{"line":28,"column":22}},"17":{"start":{"line":30,"column":16},"end":{"line":30,"column":47}},"18":{"start":{"line":33,"column":9},"end":{"line":33,"column":36}},"19":{"start":{"line":34,"column":9},"end":{"line":34,"column":22}},"20":{"start":{"line":37,"column":21},"end":{"line":51,"column":6}},"21":{"start":{"line":38,"column":8},"end":{"line":38,"column":51}},"22":{"start":{"line":38,"column":24},"end":{"line":38,"column":51}},"23":{"start":{"line":39,"column":8},"end":{"line":39,"column":58}},"24":{"start":{"line":39,"column":47},"end":{"line":39,"column":58}},"25":{"start":{"line":41,"column":26},"end":{"line":41,"column":35}},"26":{"start":{"line":42,"column":8},"end":{"line":44,"column":9}},"27":{"start":{"line":42,"column":20},"end":{"line":42,"column":21}},"28":{"start":{"line":43,"column":12},"end":{"line":43,"column":43}},"29":{"start":{"line":46,"column":24},"end":{"line":46,"column":66}},"30":{"start":{"line":47,"column":8},"end":{"line":47,"column":35}},"31":{"start":{"line":49,"column":8},"end":{"line":49,"column":22}},"32":{"start":{"line":53,"column":17},"end":{"line":55,"column":6}},"33":{"start":{"line":54,"column":9},"end":{"line":54,"column":26}},"34":{"start":{"line":57,"column":18},"end":{"line":67,"column":6}},"35":{"start":{"line":59,"column":8},"end":{"line":59,"column":49}},"36":{"start":{"line":59,"column":25},"end":{"line":59,"column":49}},"37":{"start":{"line":60,"column":8},"end":{"line":60,"column":59}},"38":{"start":{"line":60,"column":47},"end":{"line":60,"column":59}},"39":{"start":{"line":62,"column":27},"end":{"line":62,"column":36}},"40":{"start":{"line":64,"column":8},"end":{"line":64,"column":81}},"41":{"start":{"line":64,"column":20},"end":{"line":64,"column":21}},"42":{"start":{"line":64,"column":45},"end":{"line":64,"column":78}},"43":{"start":{"line":66,"column":13},"end":{"line":66,"column":33}},"44":{"start":{"line":69,"column":20},"end":{"line":84,"column":6}},"45":{"start":{"line":70,"column":9},"end":{"line":70,"column":43}},"46":{"start":{"line":70,"column":32},"end":{"line":70,"column":43}},"47":{"start":{"line":72,"column":9},"end":{"line":77,"column":10}},"48":{"start":{"line":73,"column":29},"end":{"line":73,"column":44}},"49":{"start":{"line":74,"column":13},"end":{"line":74,"column":29}},"50":{"start":{"line":75,"column":13},"end":{"line":75,"column":28}},"51":{"start":{"line":76,"column":13},"end":{"line":76,"column":27}},"52":{"start":{"line":79,"column":25},"end":{"line":79,"column":40}},"53":{"start":{"line":80,"column":9},"end":{"line":80,"column":41}},"54":{"start":{"line":81,"column":9},"end":{"line":81,"column":22}},"55":{"start":{"line":83,"column":9},"end":{"line":83,"column":23}},"56":{"start":{"line":86,"column":21},"end":{"line":99,"column":6}},"57":{"start":{"line":87,"column":9},"end":{"line":87,"column":51}},"58":{"start":{"line":87,"column":25},"end":{"line":87,"column":51}},"59":{"start":{"line":88,"column":9},"end":{"line":88,"column":58}},"60":{"start":{"line":88,"column":47},"end":{"line":88,"column":58}},"61":{"start":{"line":90,"column":20},"end":{"line":90,"column":44}},"62":{"start":{"line":91,"column":20},"end":{"line":91,"column":29}},"63":{"start":{"line":93,"column":12},"end":{"line":93,"column":33}},"64":{"start":{"line":94,"column":12},"end":{"line":94,"column":28}},"65":{"start":{"line":95,"column":12},"end":{"line":95,"column":25}},"66":{"start":{"line":97,"column":12},"end":{"line":97,"column":29}},"67":{"start":{"line":102,"column":13},"end":{"line":117,"column":6}},"68":{"start":{"line":103,"column":22},"end":{"line":103,"column":24}},"69":{"start":{"line":106,"column":9},"end":{"line":115,"column":10}},"70":{"start":{"line":106,"column":21},"end":{"line":106,"column":22}},"71":{"start":{"line":107,"column":12},"end":{"line":113,"column":13}},"72":{"start":{"line":107,"column":29},"end":{"line":107,"column":53}},"73":{"start":{"line":107,"column":55},"end":{"line":107,"column":87}},"74":{"start":{"line":109,"column":16},"end":{"line":109,"column":47}},"75":{"start":{"line":111,"column":16},"end":{"line":111,"column":69}},"76":{"start":{"line":111,"column":33},"end":{"line":111,"column":68}},"77":{"start":{"line":116,"column":9},"end":{"line":116,"column":39}},"78":{"start":{"line":123,"column":0},"end":{"line":130,"column":1}},"79":{"start":{"line":125,"column":17},"end":{"line":125,"column":33}},"80":{"start":{"line":126,"column":4},"end":{"line":128,"column":5}},"81":{"start":{"line":127,"column":8},"end":{"line":127,"column":28}},"82":{"start":{"line":129,"column":4},"end":{"line":129,"column":15}},"83":{"start":{"line":135,"column":9},"end":{"line":135,"column":27}},"84":{"start":{"line":136,"column":9},"end":{"line":136,"column":25}},"85":{"start":{"line":140,"column":1},"end":{"line":140,"column":28}}},"fnMap":{"0":{"name":"(anonymous_0)","decl":{"start":{"line":2,"column":5},"end":{"line":2,"column":6}},"loc":{"start":{"line":2,"column":19},"end":{"line":5,"column":6}},"line":2},"1":{"name":"(anonymous_1)","decl":{"start":{"line":7,"column":20},"end":{"line":7,"column":21}},"loc":{"start":{"line":7,"column":29},"end":{"line":12,"column":6}},"line":7},"2":{"name":"(anonymous_2)","decl":{"start":{"line":14,"column":20},"end":{"line":14,"column":21}},"loc":{"start":{"line":14,"column":29},"end":{"line":35,"column":6}},"line":14},"3":{"name":"(anonymous_3)","decl":{"start":{"line":37,"column":21},"end":{"line":37,"column":22}},"loc":{"start":{"line":37,"column":39},"end":{"line":51,"column":6}},"line":37},"4":{"name":"(anonymous_4)","decl":{"start":{"line":53,"column":17},"end":{"line":53,"column":18}},"loc":{"start":{"line":53,"column":23},"end":{"line":55,"column":6}},"line":53},"5":{"name":"(anonymous_5)","decl":{"start":{"line":57,"column":18},"end":{"line":57,"column":19}},"loc":{"start":{"line":57,"column":27},"end":{"line":67,"column":6}},"line":57},"6":{"name":"(anonymous_6)","decl":{"start":{"line":69,"column":20},"end":{"line":69,"column":21}},"loc":{"start":{"line":69,"column":26},"end":{"line":84,"column":6}},"line":69},"7":{"name":"(anonymous_7)","decl":{"start":{"line":86,"column":21},"end":{"line":86,"column":22}},"loc":{"start":{"line":86,"column":30},"end":{"line":99,"column":6}},"line":86},"8":{"name":"(anonymous_8)","decl":{"start":{"line":102,"column":13},"end":{"line":102,"column":14}},"loc":{"start":{"line":102,"column":19},"end":{"line":117,"column":6}},"line":102},"9":{"name":"(anonymous_9)","decl":{"start":{"line":123,"column":23},"end":{"line":123,"column":24}},"loc":{"start":{"line":123,"column":38},"end":{"line":130,"column":1}},"line":123},"10":{"name":"(anonymous_10)","decl":{"start":{"line":134,"column":5},"end":{"line":134,"column":6}},"loc":{"start":{"line":134,"column":30},"end":{"line":137,"column":6}},"line":134}},"branchMap":{"0":{"loc":{"start":{"line":16,"column":8},"end":{"line":16,"column":62}},"type":"if","locations":[{"start":{"line":16,"column":8},"end":{"line":16,"column":62}},{"start":{},"end":{}}],"line":16},"1":{"loc":{"start":{"line":22,"column":8},"end":{"line":26,"column":9}},"type":"if","locations":[{"start":{"line":22,"column":8},"end":{"line":26,"column":9}},{"start":{},"end":{}}],"line":22},"2":{"loc":{"start":{"line":38,"column":8},"end":{"line":38,"column":51}},"type":"if","locations":[{"start":{"line":38,"column":8},"end":{"line":38,"column":51}},{"start":{},"end":{}}],"line":38},"3":{"loc":{"start":{"line":39,"column":8},"end":{"line":39,"column":58}},"type":"if","locations":[{"start":{"line":39,"column":8},"end":{"line":39,"column":58}},{"start":{},"end":{}}],"line":39},"4":{"loc":{"start":{"line":39,"column":12},"end":{"line":39,"column":45}},"type":"binary-expr","locations":[{"start":{"line":39,"column":12},"end":{"line":39,"column":21}},{"start":{"line":39,"column":25},"end":{"line":39,"column":45}}],"line":39},"5":{"loc":{"start":{"line":59,"column":8},"end":{"line":59,"column":49}},"type":"if","locations":[{"start":{"line":59,"column":8},"end":{"line":59,"column":49}},{"start":{},"end":{}}],"line":59},"6":{"loc":{"start":{"line":60,"column":8},"end":{"line":60,"column":59}},"type":"if","locations":[{"start":{"line":60,"column":8},"end":{"line":60,"column":59}},{"start":{},"end":{}}],"line":60},"7":{"loc":{"start":{"line":60,"column":11},"end":{"line":60,"column":44}},"type":"binary-expr","locations":[{"start":{"line":60,"column":11},"end":{"line":60,"column":20}},{"start":{"line":60,"column":24},"end":{"line":60,"column":44}}],"line":60},"8":{"loc":{"start":{"line":70,"column":9},"end":{"line":70,"column":43}},"type":"if","locations":[{"start":{"line":70,"column":9},"end":{"line":70,"column":43}},{"start":{},"end":{}}],"line":70},"9":{"loc":{"start":{"line":72,"column":9},"end":{"line":77,"column":10}},"type":"if","locations":[{"start":{"line":72,"column":9},"end":{"line":77,"column":10}},{"start":{},"end":{}}],"line":72},"10":{"loc":{"start":{"line":87,"column":9},"end":{"line":87,"column":51}},"type":"if","locations":[{"start":{"line":87,"column":9},"end":{"line":87,"column":51}},{"start":{},"end":{}}],"line":87},"11":{"loc":{"start":{"line":88,"column":9},"end":{"line":88,"column":58}},"type":"if","locations":[{"start":{"line":88,"column":9},"end":{"line":88,"column":58}},{"start":{},"end":{}}],"line":88},"12":{"loc":{"start":{"line":88,"column":12},"end":{"line":88,"column":45}},"type":"binary-expr","locations":[{"start":{"line":88,"column":12},"end":{"line":88,"column":21}},{"start":{"line":88,"column":25},"end":{"line":88,"column":45}}],"line":88},"13":{"loc":{"start":{"line":107,"column":12},"end":{"line":113,"column":13}},"type":"if","locations":[{"start":{"line":107,"column":12},"end":{"line":113,"column":13}},{"start":{"line":108,"column":17},"end":{"line":113,"column":13}}],"line":107},"14":{"loc":{"start":{"line":111,"column":16},"end":{"line":111,"column":69}},"type":"if","locations":[{"start":{"line":111,"column":16},"end":{"line":111,"column":69}},{"start":{},"end":{}}],"line":111}},"s":{"0":18,"1":18,"2":18,"3":57,"4":57,"5":57,"6":18,"7":3,"8":1,"9":2,"10":2,"11":2,"12":1,"13":1,"14":1,"15":1,"16":1,"17":1,"18":1,"19":1,"20":18,"21":6,"22":1,"23":5,"24":2,"25":3,"26":3,"27":3,"28":6,"29":3,"30":3,"31":3,"32":18,"33":5,"34":18,"35":9,"36":4,"37":5,"38":2,"39":3,"40":3,"41":3,"42":6,"43":3,"44":18,"45":5,"46":1,"47":4,"48":2,"49":2,"50":2,"51":2,"52":2,"53":2,"54":2,"55":2,"56":18,"57":9,"58":2,"59":7,"60":4,"61":3,"62":3,"63":3,"64":3,"65":3,"66":3,"67":18,"68":0,"69":0,"70":0,"71":0,"72":0,"73":0,"74":0,"75":0,"76":0,"77":0,"78":1,"79":14,"80":14,"81":53,"82":14,"83":62,"84":62,"85":1},"f":{"0":18,"1":57,"2":3,"3":6,"4":5,"5":9,"6":5,"7":9,"8":0,"9":14,"10":62},"b":{"0":[1,2],"1":[1,1],"2":[1,5],"3":[2,3],"4":[5,4],"5":[4,5],"6":[2,3],"7":[5,4],"8":[1,4],"9":[2,2],"10":[2,7],"11":[4,3],"12":[7,5],"13":[0,0],"14":[0,0]},"_coverageSchema":"1a1c01bbd47fc00a2c39e90264f33305004495a9","hash":"93b0c5dec58b04e4812ad94be355a8c6752636a5"}
}
