{"/home/danu/Desktop/kb/Code projects/Datastructes&Algorithm/LinkedList/LinkedList/LinkedList.js": {"path":"/home/danu/Desktop/kb/Code projects/Datastructes&Algorithm/LinkedList/LinkedList/LinkedList.js","statementMap":{"0":{"start":{"line":3,"column":9},"end":{"line":3,"column":25}},"1":{"start":{"line":4,"column":9},"end":{"line":4,"column":24}},"2":{"start":{"line":7,"column":15},"end":{"line":7,"column":44}},"3":{"start":{"line":7,"column":23},"end":{"line":7,"column":42}},"4":{"start":{"line":9,"column":20},"end":{"line":14,"column":6}},"5":{"start":{"line":10,"column":28},"end":{"line":10,"column":63}},"6":{"start":{"line":12,"column":12},"end":{"line":12,"column":32}},"7":{"start":{"line":13,"column":12},"end":{"line":13,"column":25}},"8":{"start":{"line":16,"column":20},"end":{"line":37,"column":6}},"9":{"start":{"line":18,"column":8},"end":{"line":18,"column":62}},"10":{"start":{"line":18,"column":31},"end":{"line":18,"column":62}},"11":{"start":{"line":20,"column":24},"end":{"line":20,"column":54}},"12":{"start":{"line":22,"column":26},"end":{"line":22,"column":35}},"13":{"start":{"line":24,"column":8},"end":{"line":28,"column":9}},"14":{"start":{"line":25,"column":12},"end":{"line":25,"column":37}},"15":{"start":{"line":26,"column":12},"end":{"line":26,"column":25}},"16":{"start":{"line":27,"column":12},"end":{"line":27,"column":23}},"17":{"start":{"line":30,"column":9},"end":{"line":33,"column":10}},"18":{"start":{"line":30,"column":21},"end":{"line":30,"column":22}},"19":{"start":{"line":32,"column":16},"end":{"line":32,"column":47}},"20":{"start":{"line":35,"column":9},"end":{"line":35,"column":36}},"21":{"start":{"line":36,"column":9},"end":{"line":36,"column":22}},"22":{"start":{"line":39,"column":21},"end":{"line":53,"column":6}},"23":{"start":{"line":40,"column":8},"end":{"line":40,"column":51}},"24":{"start":{"line":40,"column":24},"end":{"line":40,"column":51}},"25":{"start":{"line":41,"column":8},"end":{"line":41,"column":58}},"26":{"start":{"line":41,"column":47},"end":{"line":41,"column":58}},"27":{"start":{"line":43,"column":26},"end":{"line":43,"column":35}},"28":{"start":{"line":44,"column":8},"end":{"line":46,"column":9}},"29":{"start":{"line":44,"column":20},"end":{"line":44,"column":21}},"30":{"start":{"line":45,"column":12},"end":{"line":45,"column":43}},"31":{"start":{"line":48,"column":24},"end":{"line":48,"column":66}},"32":{"start":{"line":49,"column":8},"end":{"line":49,"column":35}},"33":{"start":{"line":51,"column":8},"end":{"line":51,"column":22}},"34":{"start":{"line":55,"column":17},"end":{"line":57,"column":6}},"35":{"start":{"line":56,"column":9},"end":{"line":56,"column":26}},"36":{"start":{"line":59,"column":18},"end":{"line":69,"column":6}},"37":{"start":{"line":61,"column":8},"end":{"line":61,"column":49}},"38":{"start":{"line":61,"column":25},"end":{"line":61,"column":49}},"39":{"start":{"line":62,"column":8},"end":{"line":62,"column":59}},"40":{"start":{"line":62,"column":47},"end":{"line":62,"column":59}},"41":{"start":{"line":64,"column":27},"end":{"line":64,"column":36}},"42":{"start":{"line":66,"column":8},"end":{"line":66,"column":81}},"43":{"start":{"line":66,"column":20},"end":{"line":66,"column":21}},"44":{"start":{"line":66,"column":45},"end":{"line":66,"column":78}},"45":{"start":{"line":68,"column":13},"end":{"line":68,"column":33}},"46":{"start":{"line":71,"column":20},"end":{"line":86,"column":6}},"47":{"start":{"line":72,"column":9},"end":{"line":72,"column":43}},"48":{"start":{"line":72,"column":32},"end":{"line":72,"column":43}},"49":{"start":{"line":74,"column":9},"end":{"line":79,"column":10}},"50":{"start":{"line":75,"column":29},"end":{"line":75,"column":44}},"51":{"start":{"line":76,"column":13},"end":{"line":76,"column":29}},"52":{"start":{"line":77,"column":13},"end":{"line":77,"column":28}},"53":{"start":{"line":78,"column":13},"end":{"line":78,"column":27}},"54":{"start":{"line":81,"column":25},"end":{"line":81,"column":40}},"55":{"start":{"line":82,"column":9},"end":{"line":82,"column":36}},"56":{"start":{"line":83,"column":9},"end":{"line":83,"column":22}},"57":{"start":{"line":85,"column":9},"end":{"line":85,"column":23}},"58":{"start":{"line":88,"column":21},"end":{"line":101,"column":6}},"59":{"start":{"line":89,"column":9},"end":{"line":89,"column":51}},"60":{"start":{"line":89,"column":25},"end":{"line":89,"column":51}},"61":{"start":{"line":90,"column":9},"end":{"line":90,"column":58}},"62":{"start":{"line":90,"column":47},"end":{"line":90,"column":58}},"63":{"start":{"line":92,"column":20},"end":{"line":92,"column":44}},"64":{"start":{"line":93,"column":20},"end":{"line":93,"column":29}},"65":{"start":{"line":95,"column":12},"end":{"line":95,"column":33}},"66":{"start":{"line":96,"column":12},"end":{"line":96,"column":28}},"67":{"start":{"line":97,"column":12},"end":{"line":97,"column":25}},"68":{"start":{"line":99,"column":12},"end":{"line":99,"column":29}},"69":{"start":{"line":104,"column":13},"end":{"line":119,"column":6}},"70":{"start":{"line":105,"column":22},"end":{"line":105,"column":24}},"71":{"start":{"line":106,"column":27},"end":{"line":106,"column":31}},"72":{"start":{"line":108,"column":9},"end":{"line":117,"column":10}},"73":{"start":{"line":108,"column":21},"end":{"line":108,"column":22}},"74":{"start":{"line":109,"column":12},"end":{"line":115,"column":13}},"75":{"start":{"line":109,"column":31},"end":{"line":109,"column":63}},"76":{"start":{"line":111,"column":16},"end":{"line":111,"column":47}},"77":{"start":{"line":113,"column":16},"end":{"line":113,"column":69}},"78":{"start":{"line":113,"column":33},"end":{"line":113,"column":68}},"79":{"start":{"line":118,"column":9},"end":{"line":118,"column":39}},"80":{"start":{"line":125,"column":0},"end":{"line":132,"column":1}},"81":{"start":{"line":127,"column":17},"end":{"line":127,"column":33}},"82":{"start":{"line":128,"column":4},"end":{"line":130,"column":5}},"83":{"start":{"line":129,"column":8},"end":{"line":129,"column":28}},"84":{"start":{"line":131,"column":4},"end":{"line":131,"column":15}},"85":{"start":{"line":137,"column":9},"end":{"line":137,"column":27}},"86":{"start":{"line":138,"column":9},"end":{"line":138,"column":25}},"87":{"start":{"line":142,"column":1},"end":{"line":142,"column":28}}},"fnMap":{"0":{"name":"(anonymous_0)","decl":{"start":{"line":2,"column":5},"end":{"line":2,"column":6}},"loc":{"start":{"line":2,"column":19},"end":{"line":5,"column":6}},"line":2},"1":{"name":"(anonymous_1)","decl":{"start":{"line":7,"column":15},"end":{"line":7,"column":16}},"loc":{"start":{"line":7,"column":21},"end":{"line":7,"column":44}},"line":7},"2":{"name":"(anonymous_2)","decl":{"start":{"line":9,"column":20},"end":{"line":9,"column":21}},"loc":{"start":{"line":9,"column":29},"end":{"line":14,"column":6}},"line":9},"3":{"name":"(anonymous_3)","decl":{"start":{"line":16,"column":20},"end":{"line":16,"column":21}},"loc":{"start":{"line":16,"column":29},"end":{"line":37,"column":6}},"line":16},"4":{"name":"(anonymous_4)","decl":{"start":{"line":39,"column":21},"end":{"line":39,"column":22}},"loc":{"start":{"line":39,"column":39},"end":{"line":53,"column":6}},"line":39},"5":{"name":"(anonymous_5)","decl":{"start":{"line":55,"column":17},"end":{"line":55,"column":18}},"loc":{"start":{"line":55,"column":23},"end":{"line":57,"column":6}},"line":55},"6":{"name":"(anonymous_6)","decl":{"start":{"line":59,"column":18},"end":{"line":59,"column":19}},"loc":{"start":{"line":59,"column":27},"end":{"line":69,"column":6}},"line":59},"7":{"name":"(anonymous_7)","decl":{"start":{"line":71,"column":20},"end":{"line":71,"column":21}},"loc":{"start":{"line":71,"column":26},"end":{"line":86,"column":6}},"line":71},"8":{"name":"(anonymous_8)","decl":{"start":{"line":88,"column":21},"end":{"line":88,"column":22}},"loc":{"start":{"line":88,"column":30},"end":{"line":101,"column":6}},"line":88},"9":{"name":"(anonymous_9)","decl":{"start":{"line":104,"column":13},"end":{"line":104,"column":14}},"loc":{"start":{"line":104,"column":35},"end":{"line":119,"column":6}},"line":104},"10":{"name":"(anonymous_10)","decl":{"start":{"line":125,"column":23},"end":{"line":125,"column":24}},"loc":{"start":{"line":125,"column":38},"end":{"line":132,"column":1}},"line":125},"11":{"name":"(anonymous_11)","decl":{"start":{"line":136,"column":5},"end":{"line":136,"column":6}},"loc":{"start":{"line":136,"column":30},"end":{"line":139,"column":6}},"line":136}},"branchMap":{"0":{"loc":{"start":{"line":18,"column":8},"end":{"line":18,"column":62}},"type":"if","locations":[{"start":{"line":18,"column":8},"end":{"line":18,"column":62}},{"start":{},"end":{}}],"line":18},"1":{"loc":{"start":{"line":24,"column":8},"end":{"line":28,"column":9}},"type":"if","locations":[{"start":{"line":24,"column":8},"end":{"line":28,"column":9}},{"start":{},"end":{}}],"line":24},"2":{"loc":{"start":{"line":40,"column":8},"end":{"line":40,"column":51}},"type":"if","locations":[{"start":{"line":40,"column":8},"end":{"line":40,"column":51}},{"start":{},"end":{}}],"line":40},"3":{"loc":{"start":{"line":41,"column":8},"end":{"line":41,"column":58}},"type":"if","locations":[{"start":{"line":41,"column":8},"end":{"line":41,"column":58}},{"start":{},"end":{}}],"line":41},"4":{"loc":{"start":{"line":41,"column":12},"end":{"line":41,"column":45}},"type":"binary-expr","locations":[{"start":{"line":41,"column":12},"end":{"line":41,"column":21}},{"start":{"line":41,"column":25},"end":{"line":41,"column":45}}],"line":41},"5":{"loc":{"start":{"line":61,"column":8},"end":{"line":61,"column":49}},"type":"if","locations":[{"start":{"line":61,"column":8},"end":{"line":61,"column":49}},{"start":{},"end":{}}],"line":61},"6":{"loc":{"start":{"line":62,"column":8},"end":{"line":62,"column":59}},"type":"if","locations":[{"start":{"line":62,"column":8},"end":{"line":62,"column":59}},{"start":{},"end":{}}],"line":62},"7":{"loc":{"start":{"line":62,"column":11},"end":{"line":62,"column":44}},"type":"binary-expr","locations":[{"start":{"line":62,"column":11},"end":{"line":62,"column":20}},{"start":{"line":62,"column":24},"end":{"line":62,"column":44}}],"line":62},"8":{"loc":{"start":{"line":72,"column":9},"end":{"line":72,"column":43}},"type":"if","locations":[{"start":{"line":72,"column":9},"end":{"line":72,"column":43}},{"start":{},"end":{}}],"line":72},"9":{"loc":{"start":{"line":74,"column":9},"end":{"line":79,"column":10}},"type":"if","locations":[{"start":{"line":74,"column":9},"end":{"line":79,"column":10}},{"start":{},"end":{}}],"line":74},"10":{"loc":{"start":{"line":89,"column":9},"end":{"line":89,"column":51}},"type":"if","locations":[{"start":{"line":89,"column":9},"end":{"line":89,"column":51}},{"start":{},"end":{}}],"line":89},"11":{"loc":{"start":{"line":90,"column":9},"end":{"line":90,"column":58}},"type":"if","locations":[{"start":{"line":90,"column":9},"end":{"line":90,"column":58}},{"start":{},"end":{}}],"line":90},"12":{"loc":{"start":{"line":90,"column":12},"end":{"line":90,"column":45}},"type":"binary-expr","locations":[{"start":{"line":90,"column":12},"end":{"line":90,"column":21}},{"start":{"line":90,"column":25},"end":{"line":90,"column":45}}],"line":90},"13":{"loc":{"start":{"line":104,"column":14},"end":{"line":104,"column":30}},"type":"default-arg","locations":[{"start":{"line":104,"column":21},"end":{"line":104,"column":30}}],"line":104},"14":{"loc":{"start":{"line":109,"column":12},"end":{"line":115,"column":13}},"type":"if","locations":[{"start":{"line":109,"column":12},"end":{"line":115,"column":13}},{"start":{"line":110,"column":17},"end":{"line":115,"column":13}}],"line":109},"15":{"loc":{"start":{"line":113,"column":16},"end":{"line":113,"column":69}},"type":"if","locations":[{"start":{"line":113,"column":16},"end":{"line":113,"column":69}},{"start":{},"end":{}}],"line":113}},"s":{"0":18,"1":18,"2":18,"3":0,"4":18,"5":57,"6":57,"7":57,"8":18,"9":3,"10":1,"11":2,"12":2,"13":2,"14":1,"15":1,"16":1,"17":1,"18":1,"19":1,"20":1,"21":1,"22":18,"23":6,"24":1,"25":5,"26":2,"27":3,"28":3,"29":3,"30":6,"31":3,"32":3,"33":3,"34":18,"35":5,"36":18,"37":9,"38":4,"39":5,"40":2,"41":3,"42":3,"43":3,"44":6,"45":3,"46":18,"47":5,"48":1,"49":4,"50":2,"51":2,"52":2,"53":2,"54":2,"55":2,"56":2,"57":2,"58":18,"59":9,"60":2,"61":7,"62":4,"63":3,"64":3,"65":3,"66":3,"67":3,"68":3,"69":18,"70":0,"71":0,"72":0,"73":0,"74":0,"75":0,"76":0,"77":0,"78":0,"79":0,"80":1,"81":14,"82":14,"83":53,"84":14,"85":62,"86":62,"87":1},"f":{"0":18,"1":0,"2":57,"3":3,"4":6,"5":5,"6":9,"7":5,"8":9,"9":0,"10":14,"11":62},"b":{"0":[1,2],"1":[1,1],"2":[1,5],"3":[2,3],"4":[5,4],"5":[4,5],"6":[2,3],"7":[5,4],"8":[1,4],"9":[2,2],"10":[2,7],"11":[4,3],"12":[7,5],"13":[0],"14":[0,0],"15":[0,0]},"_coverageSchema":"1a1c01bbd47fc00a2c39e90264f33305004495a9","hash":"f0efe97fd02321644de1246b7dbb36d6035ba41a"}
}
