TN:
SF:LinkedList/LinkedList.js
FN:2,(anonymous_0)
FN:7,(anonymous_1)
FN:14,(anonymous_2)
FN:37,(anonymous_3)
FN:53,(anonymous_4)
FN:57,(anonymous_5)
FN:69,(anonymous_6)
FN:86,(anonymous_7)
FN:102,(anonymous_8)
FN:123,(anonymous_9)
FN:134,(anonymous_10)
FNF:11
FNH:10
FNDA:18,(anonymous_0)
FNDA:57,(anonymous_1)
FNDA:3,(anonymous_2)
FNDA:6,(anonymous_3)
FNDA:5,(anonymous_4)
FNDA:9,(anonymous_5)
FNDA:5,(anonymous_6)
FNDA:9,(anonymous_7)
FNDA:0,(anonymous_8)
FNDA:14,(anonymous_9)
FNDA:62,(anonymous_10)
DA:3,18
DA:4,18
DA:7,18
DA:8,57
DA:10,57
DA:11,57
DA:14,18
DA:16,3
DA:18,2
DA:20,2
DA:22,2
DA:23,1
DA:24,1
DA:25,1
DA:28,1
DA:30,1
DA:33,1
DA:34,1
DA:37,18
DA:38,6
DA:39,5
DA:41,3
DA:42,3
DA:43,6
DA:46,3
DA:47,3
DA:49,3
DA:53,18
DA:54,5
DA:57,18
DA:59,9
DA:60,5
DA:62,3
DA:64,6
DA:66,3
DA:69,18
DA:70,5
DA:72,4
DA:73,2
DA:74,2
DA:75,2
DA:76,2
DA:79,2
DA:80,2
DA:81,2
DA:83,2
DA:86,18
DA:87,9
DA:88,7
DA:90,3
DA:91,3
DA:93,3
DA:94,3
DA:95,3
DA:97,3
DA:102,18
DA:103,0
DA:106,0
DA:107,0
DA:109,0
DA:111,0
DA:116,0
DA:123,1
DA:125,14
DA:126,14
DA:127,53
DA:129,14
DA:135,62
DA:136,62
DA:140,1
LF:70
LH:64
BRDA:16,0,0,1
BRDA:16,0,1,2
BRDA:22,1,0,1
BRDA:22,1,1,1
BRDA:38,2,0,1
BRDA:38,2,1,5
BRDA:39,3,0,2
BRDA:39,3,1,3
BRDA:39,4,0,5
BRDA:39,4,1,4
BRDA:59,5,0,4
BRDA:59,5,1,5
BRDA:60,6,0,2
BRDA:60,6,1,3
BRDA:60,7,0,5
BRDA:60,7,1,4
BRDA:70,8,0,1
BRDA:70,8,1,4
BRDA:72,9,0,2
BRDA:72,9,1,2
BRDA:87,10,0,2
BRDA:87,10,1,7
BRDA:88,11,0,4
BRDA:88,11,1,3
BRDA:88,12,0,7
BRDA:88,12,1,5
BRDA:107,13,0,0
BRDA:107,13,1,0
BRDA:111,14,0,0
BRDA:111,14,1,0
BRF:30
BRH:26
end_of_record
