TN:
SF:Binary Search Tree/BST.js
FN:2,(anonymous_0)
FN:6,(anonymous_1)
FN:13,(anonymous_2)
FN:35,(anonymous_3)
FN:49,(anonymous_4)
FN:62,(anonymous_5)
FN:65,(anonymous_6)
FN:82,(anonymous_7)
FN:85,(anonymous_8)
FN:102,(anonymous_9)
FN:103,(anonymous_10)
FN:156,(anonymous_11)
FN:158,(anonymous_12)
FN:178,(anonymous_13)
FN:190,(anonymous_14)
FNF:15
FNH:11
FNDA:10,(anonymous_0)
FNDA:60,(anonymous_1)
FNDA:131,(anonymous_2)
FNDA:2,(anonymous_3)
FNDA:2,(anonymous_4)
FNDA:5,(anonymous_5)
FNDA:13,(anonymous_6)
FNDA:5,(anonymous_7)
FNDA:13,(anonymous_8)
FNDA:0,(anonymous_9)
FNDA:0,(anonymous_10)
FNDA:0,(anonymous_11)
FNDA:0,(anonymous_12)
FNDA:6,(anonymous_13)
FNDA:60,(anonymous_14)
DA:3,10
DA:6,10
DA:7,60
DA:8,60
DA:9,8
DA:10,8
DA:13,52
DA:14,131
DA:15,77
DA:17,22
DA:18,22
DA:20,55
DA:22,54
DA:24,54
DA:25,30
DA:26,30
DA:28,24
DA:32,52
DA:38,2
DA:40,2
DA:42,2
DA:43,7
DA:46,2
DA:51,2
DA:53,2
DA:55,2
DA:56,3
DA:59,2
DA:62,10
DA:63,5
DA:65,4
DA:66,13
DA:68,11
DA:69,6
DA:70,5
DA:72,5
DA:73,5
DA:75,4
DA:79,4
DA:82,10
DA:83,5
DA:85,4
DA:86,13
DA:88,11
DA:89,6
DA:90,5
DA:92,5
DA:93,5
DA:95,4
DA:99,4
DA:102,10
DA:103,0
DA:104,0
DA:106,0
DA:109,0
DA:111,0
DA:112,0
DA:116,0
DA:118,0
DA:119,0
DA:120,0
DA:122,0
DA:124,0
DA:125,0
DA:126,0
DA:130,0
DA:132,0
DA:133,0
DA:136,0
DA:137,0
DA:138,0
DA:143,0
DA:144,0
DA:145,0
DA:147,0
DA:148,0
DA:152,0
DA:157,0
DA:158,0
DA:160,0
DA:161,0
DA:162,0
DA:163,0
DA:166,0
DA:169,0
DA:178,1
DA:180,6
DA:182,6
DA:183,54
DA:186,6
DA:191,60
DA:197,1
LF:92
LH:58
BRDA:8,0,0,8
BRDA:8,0,1,52
BRDA:14,1,0,77
BRDA:14,1,1,54
BRDA:15,2,0,22
BRDA:15,2,1,55
BRDA:22,3,0,54
BRDA:22,3,1,0
BRDA:24,4,0,30
BRDA:24,4,1,24
BRDA:38,5,0,0
BRDA:38,5,1,2
BRDA:51,6,0,0
BRDA:51,6,1,2
BRDA:63,7,0,1
BRDA:63,7,1,4
BRDA:66,8,0,2
BRDA:66,8,1,11
BRDA:68,9,0,6
BRDA:68,9,1,5
BRDA:69,10,0,1
BRDA:69,10,1,5
BRDA:72,11,0,5
BRDA:72,11,1,0
BRDA:73,12,0,1
BRDA:73,12,1,4
BRDA:83,13,0,1
BRDA:83,13,1,4
BRDA:86,14,0,2
BRDA:86,14,1,11
BRDA:88,15,0,6
BRDA:88,15,1,5
BRDA:89,16,0,1
BRDA:89,16,1,5
BRDA:92,17,0,5
BRDA:92,17,1,0
BRDA:93,18,0,1
BRDA:93,18,1,4
BRDA:104,19,0,0
BRDA:104,19,1,0
BRDA:106,20,0,0
BRDA:106,20,1,0
BRDA:109,21,0,0
BRDA:109,21,1,0
BRDA:109,22,0,0
BRDA:109,22,1,0
BRDA:116,23,0,0
BRDA:116,23,1,0
BRDA:122,24,0,0
BRDA:122,24,1,0
BRDA:143,25,0,0
BRDA:143,25,1,0
BRDA:158,26,0,0
BRDA:160,27,0,0
BRDA:160,27,1,0
BRDA:190,28,0,60
BRDA:190,29,0,60
BRF:57
BRH:35
end_of_record
